<?xml version="1.0" encoding="UTF-8"?>
<!-- Generated by org.testng.reporters.JUnitReportReporter -->
<testsuite name="com.loadtesting.tests.HomePageTest" tests="3" time="113.845" ignored="0" failures="0" timestamp="11 Mar 2020 12:16:03 GMT" skipped="0" hostname="IN-5CG7192FW6" errors="0">
  <testcase name="travellingwithoutStartName" time="45.050" classname="com.loadtesting.tests.HomePageTest"/>
  <testcase name="traveeling_mode" time="39.414" classname="com.loadtesting.tests.HomePageTest"/>
  <testcase name="VerifyHomePageTitle" time="29.381" classname="com.loadtesting.tests.HomePageTest"/>
</testsuite> <!-- com.loadtesting.tests.HomePageTest -->
